
=== Thu Mar 28 12:46:12 2019

Packages were changed.
Update Mode: updateDependencies

The following packages were added:
  com.unity.collab-proxy@1.2.15
The following packages were updated:
  com.unity.analytics from version 2.0.16 to 3.2.2
  com.unity.package-manager-ui from version 1.9.11 to 2.0.7
  com.unity.textmeshpro from version 1.2.4 to 1.3.0

=== Tue Aug  2 10:27:26 2022

Packages were changed.
Update Mode: updateDependencies

The following packages were added:
  com.unity.2d.sprite@1.0.0
  com.unity.2d.tilemap@1.0.0
  com.unity.ide.rider@3.0.15
  com.unity.ide.visualstudio@2.0.16
  com.unity.ide.vscode@1.2.5
  com.unity.modules.androidjni@1.0.0
  com.unity.test-framework@1.1.31
  com.unity.timeline@1.6.4
  com.unity.ugui@1.0.0
  com.unity.xr.legacyinputhelpers@2.1.9
The following packages were updated:
  com.unity.ads from version 2.0.8 to 3.7.5
  com.unity.analytics from version 3.2.2 to 3.6.12
  com.unity.collab-proxy from version 1.2.15 to 1.17.1
  com.unity.purchasing from version 2.0.3 to 4.2.1
  com.unity.textmeshpro from version 1.3.0 to 3.0.6
The following packages were removed:
  com.unity.package-manager-ui@2.0.7

=== Tue Aug  9 10:21:51 2022

Packages were changed.
Update Mode: updateDependencies

The following packages were updated:
  com.unity.inputsystem from version 1.3.0 to 1.4.1
  com.unity.purchasing from version 4.2.1 to 4.3.0

=== Mon Dec 12 16:10:36 2022

Packages were changed.
Update Mode: updateDependencies

The following packages were updated:
  com.unity.collab-proxy from version 1.17.2 to 1.17.7
  com.unity.ide.rider from version 3.0.15 to 3.0.16
  com.unity.render-pipelines.universal from version 12.1.7 to 12.1.8

=== Thu Jun 26 17:58:39 2025

Packages were changed.
Update Mode: updateDependencies

The following packages were updated:
  com.unity.collab-proxy from version 1.17.7 to 2.0.1
  com.unity.ide.rider from version 3.0.17 to 3.0.18
  com.unity.learn.iet-framework from version 2.2.3 to 3.1.1
  com.unity.render-pipelines.universal from version 12.1.8 to 12.1.10
  com.unity.visualscripting from version 1.7.8 to 1.8.0
  com.unity.xr.interaction.toolkit from version 2.1.0-pre.1 to 2.2.0

=== Tue Jul  8 21:11:11 2025

Packages were changed.
Update Mode: updateDependencies

The following packages were added:
  com.unity.ai.navigation@1.1.5
The following packages were updated:
  com.unity.collab-proxy from version 2.0.1 to 2.2.0
  com.unity.ide.rider from version 3.0.18 to 3.0.27
  com.unity.ide.visualstudio from version 2.0.17 to 2.0.22
  com.unity.learn.iet-framework from version 3.1.1 to 3.1.3
  com.unity.render-pipelines.universal from version 12.1.10 to 14.0.10
  com.unity.timeline from version 1.6.4 to 1.7.6
  com.unity.visualscripting from version 1.8.0 to 1.9.1
  com.unity.xr.interaction.toolkit from version 2.2.0 to 2.5.2
  com.unity.xr.management from version 4.2.1 to 4.4.0

=== Tue Jul  8 21:16:36 2025

Packages were changed.
Update Mode: updateDependencies

The following packages were added:
  com.unity.modules.accessibility@1.0.0
  com.unity.multiplayer.center@1.0.0
The following packages were updated:
  com.unity.ai.navigation from version 1.1.5 to 2.0.5
  com.unity.collab-proxy from version 2.2.0 to 2.6.0
  com.unity.feature.development from version 1.0.1 to 1.0.2
  com.unity.feature.vr from version 1.0.0 to 1.0.1
  com.unity.ide.rider from version 3.0.27 to 3.0.31
  com.unity.learn.iet-framework from version 3.1.3 to 4.0.3
  com.unity.render-pipelines.universal from version 14.0.10 to 17.0.3
  com.unity.timeline from version 1.7.6 to 1.8.7
  com.unity.ugui from version 1.0.0 to 2.0.0
  com.unity.visualscripting from version 1.9.1 to 1.9.5
  com.unity.xr.interaction.toolkit from version 2.5.2 to 3.0.7
  com.unity.xr.management from version 4.4.0 to 4.5.0
The following packages were removed:
  com.unity.textmeshpro@3.0.6
